<?xml version="1.0" encoding="UTF-8"?>
<!-- Generated by org.testng.reporters.JUnitReportReporter -->
<testsuite skipped="0" hostname="DESKTOP-4JBAKI8" name="tests.snow.api.UpdateIncident" tests="2" failures="0" timestamp="17 Aug 2019 14:41:11 GMT" time="23.197" errors="0">
  <testcase name="modifyAnIncident" time="8.952" classname="tests.snow.api.UpdateIncident"/>
  <testcase name="modifyAnIncident" time="14.245" classname="tests.snow.api.UpdateIncident"/>
</testsuite> <!-- tests.snow.api.UpdateIncident -->
