<?xml version="1.0" encoding="UTF-8"?>
<!-- Generated by org.testng.reporters.JUnitReportReporter -->
<testsuite skipped="0" hostname="DESKTOP-4JBAKI8" name="tests.snow.api.SNowRestAPITests" tests="3" failures="0" timestamp="10 Aug 2019 14:05:40 GMT" time="18.596" errors="0">
  <testcase name="getRequest" time="11.900" classname="tests.snow.api.SNowRestAPITests"/>
  <testcase name="putRequest" time="3.422" classname="tests.snow.api.SNowRestAPITests"/>
  <testcase name="postRequest" time="3.274" classname="tests.snow.api.SNowRestAPITests"/>
</testsuite> <!-- tests.snow.api.SNowRestAPITests -->
