<?xml version="1.0" encoding="UTF-8"?>
<!-- Generated by org.testng.reporters.JUnitReportReporter -->
<testsuite skipped="0" hostname="DESKTOP-4JBAKI8" name="tests.snow.api.DeleteIncident" tests="2" failures="0" timestamp="17 Aug 2019 14:54:13 GMT" time="16.685" errors="0">
  <testcase name="putRequest" time="6.343" classname="tests.snow.api.DeleteIncident"/>
  <testcase name="putRequest" time="10.342" classname="tests.snow.api.DeleteIncident"/>
</testsuite> <!-- tests.snow.api.DeleteIncident -->
