<?xml version="1.0" encoding="UTF-8"?>
<!-- Generated by org.testng.reporters.JUnitReportReporter -->
<testsuite skipped="0" hostname="DESKTOP-4JBAKI8" name="tests.snow.web.TC001_ViewIncident" tests="1" failures="0" timestamp="17 Aug 2019 16:39:00 GMT" time="44.742" errors="0">
  <testcase name="viewIncident" time="44.742" classname="tests.snow.web.TC001_ViewIncident"/>
</testsuite> <!-- tests.snow.web.TC001_ViewIncident -->
