<?xml version="1.0" encoding="UTF-8"?>
<!-- Generated by org.testng.reporters.JUnitReportReporter -->
<testsuite skipped="0" hostname="DESKTOP-4JBAKI8" name="tests.snow.api.RetrieveIncident" tests="2" failures="0" timestamp="17 Aug 2019 14:48:45 GMT" time="17.928" errors="0">
  <testcase name="retrieveAnIncident" time="6.351" classname="tests.snow.api.RetrieveIncident"/>
  <testcase name="retrieveAnIncident" time="11.577" classname="tests.snow.api.RetrieveIncident"/>
</testsuite> <!-- tests.snow.api.RetrieveIncident -->
