<?xml version="1.0" encoding="UTF-8"?>
<!-- Generated by org.testng.reporters.JUnitReportReporter -->
<testsuite skipped="0" hostname="DESKTOP-4JBAKI8" name="sandbox.GETincident" tests="1" failures="0" timestamp="11 Aug 2019 04:53:36 GMT" time="7.731" errors="0">
  <testcase name="getAllincidents" time="7.731" classname="sandbox.GETincident"/>
</testsuite> <!-- sandbox.GETincident -->
