<?xml version="1.0" encoding="UTF-8"?>
<!-- Generated by org.testng.reporters.JUnitReportReporter -->
<testsuite skipped="0" hostname="DESKTOP-4JBAKI8" name="tests.snow.api.ModifyIncident" tests="2" failures="0" timestamp="17 Aug 2019 14:36:04 GMT" time="16.994" errors="0">
  <testcase name="putRequest" time="6.589" classname="tests.snow.api.ModifyIncident"/>
  <testcase name="putRequest" time="10.405" classname="tests.snow.api.ModifyIncident"/>
</testsuite> <!-- tests.snow.api.ModifyIncident -->
