<?xml version="1.0" encoding="UTF-8"?>
<!-- Generated by org.testng.reporters.JUnitReportReporter -->
<testsuite skipped="0" hostname="DESKTOP-4JBAKI8" name="lib.restassured.FirstRestAPITest" tests="1" failures="0" timestamp="11 Aug 2019 03:40:10 GMT" time="3.055" errors="0">
  <testcase name="firestAPITest" time="3.055" classname="lib.restassured.FirstRestAPITest"/>
</testsuite> <!-- lib.restassured.FirstRestAPITest -->
