<?xml version="1.0" encoding="UTF-8"?>
<!-- Generated by org.testng.reporters.JUnitReportReporter -->
<testsuite skipped="0" hostname="DESKTOP-4JBAKI8" name="tests.snow.api.CreateIncident" tests="2" failures="0" timestamp="17 Aug 2019 14:02:20 GMT" time="11.877" errors="0">
  <testcase name="createAnIncident" time="8.508" classname="tests.snow.api.CreateIncident"/>
  <testcase name="createAnIncident" time="3.369" classname="tests.snow.api.CreateIncident"/>
</testsuite> <!-- tests.snow.api.CreateIncident -->
