<?xml version="1.0" encoding="UTF-8"?>
<!-- Generated by org.testng.reporters.JUnitReportReporter -->
<testsuite skipped="0" hostname="DESKTOP-4JBAKI8" name="lib.restassured.SNowRestAPI" tests="1" failures="0" timestamp="10 Aug 2019 10:54:56 GMT" time="6.071" errors="0">
  <testcase name="postRequest" time="6.071" classname="lib.restassured.SNowRestAPI"/>
</testsuite> <!-- lib.restassured.SNowRestAPI -->
