<?xml version="1.0" encoding="UTF-8"?>
<!-- Generated by org.testng.reporters.JUnitReportReporter -->
<testsuite skipped="0" hostname="DESKTOP-4JBAKI8" name="sandbox.postCreateInc" tests="1" failures="0" timestamp="14 Aug 2019 14:56:28 GMT" time="7.232" errors="0">
  <testcase name="createAnIncident" time="7.232" classname="sandbox.postCreateInc"/>
</testsuite> <!-- sandbox.postCreateInc -->
