<?xml version="1.0" encoding="UTF-8"?>
<!-- Generated by org.testng.reporters.JUnitReportReporter -->
<testsuite skipped="0" hostname="DESKTOP-4JBAKI8" name="tests.snow.api.CreateIncident" tests="1" failures="0" timestamp="17 Aug 2019 08:12:10 GMT" time="7.109" errors="0">
  <testcase name="createAnIncident" time="7.109" classname="tests.snow.api.CreateIncident"/>
</testsuite> <!-- tests.snow.api.CreateIncident -->
