<?xml version="1.0" encoding="UTF-8"?>
<!-- Generated by org.testng.reporters.JUnitReportReporter -->
<testsuite skipped="0" hostname="DESKTOP-4JBAKI8" name="tests.snow.api.CreateIncident" tests="2" failures="0" timestamp="24 Aug 2019 07:25:06 GMT" time="10.249" errors="0">
  <testcase name="createAnIncident" time="3.514" classname="tests.snow.api.CreateIncident"/>
  <testcase name="createAnIncident" time="6.735" classname="tests.snow.api.CreateIncident"/>
</testsuite> <!-- tests.snow.api.CreateIncident -->
