<?xml version="1.0" encoding="UTF-8"?>
<!-- Generated by org.testng.reporters.JUnitReportReporter -->
<testsuite skipped="0" hostname="DESKTOP-4JBAKI8" name="sandbox.HelloWorld" tests="1" failures="0" timestamp="17 Aug 2019 08:12:10 GMT" time="0.085" errors="0">
  <testcase name="helloWorld" time="0.085" classname="sandbox.HelloWorld"/>
</testsuite> <!-- sandbox.HelloWorld -->
